[ 2025-07-15 20:59:48,495 ] asyncio - DEBUG - Using selector: KqueueSelector
[ 2025-07-15 21:02:00,463 ] python_multipart.multipart - DEBUG - Calling on_field_start with no data
[ 2025-07-15 21:02:00,465 ] python_multipart.multipart - DEBUG - Calling on_field_name with data[0:6]
[ 2025-07-15 21:02:00,465 ] python_multipart.multipart - DEBUG - Calling on_field_data with data[7:8]
[ 2025-07-15 21:02:00,466 ] python_multipart.multipart - DEBUG - Calling on_field_end with no data
[ 2025-07-15 21:02:00,466 ] python_multipart.multipart - DEBUG - Calling on_field_start with no data
[ 2025-07-15 21:02:00,466 ] python_multipart.multipart - DEBUG - Calling on_field_name with data[9:12]
[ 2025-07-15 21:02:00,466 ] python_multipart.multipart - DEBUG - Calling on_field_data with data[13:15]
[ 2025-07-15 21:02:00,466 ] python_multipart.multipart - DEBUG - Calling on_field_end with no data
[ 2025-07-15 21:02:00,466 ] python_multipart.multipart - DEBUG - Calling on_field_start with no data
[ 2025-07-15 21:02:00,466 ] python_multipart.multipart - DEBUG - Calling on_field_name with data[16:31]
[ 2025-07-15 21:02:00,466 ] python_multipart.multipart - DEBUG - Calling on_field_data with data[32:33]
[ 2025-07-15 21:02:00,466 ] python_multipart.multipart - DEBUG - Calling on_field_end with no data
[ 2025-07-15 21:02:00,466 ] python_multipart.multipart - DEBUG - Calling on_field_start with no data
[ 2025-07-15 21:02:00,466 ] python_multipart.multipart - DEBUG - Calling on_field_name with data[34:45]
[ 2025-07-15 21:02:00,466 ] python_multipart.multipart - DEBUG - Calling on_field_data with data[46:48]
[ 2025-07-15 21:02:00,466 ] python_multipart.multipart - DEBUG - Calling on_field_end with no data
[ 2025-07-15 21:02:00,466 ] python_multipart.multipart - DEBUG - Calling on_field_start with no data
[ 2025-07-15 21:02:00,466 ] python_multipart.multipart - DEBUG - Calling on_field_name with data[49:67]
[ 2025-07-15 21:02:00,466 ] python_multipart.multipart - DEBUG - Calling on_field_data with data[68:69]
[ 2025-07-15 21:02:00,466 ] python_multipart.multipart - DEBUG - Calling on_field_end with no data
[ 2025-07-15 21:02:00,466 ] python_multipart.multipart - DEBUG - Calling on_field_start with no data
[ 2025-07-15 21:02:00,467 ] python_multipart.multipart - DEBUG - Calling on_field_name with data[70:84]
[ 2025-07-15 21:02:00,467 ] python_multipart.multipart - DEBUG - Calling on_field_data with data[85:90]
[ 2025-07-15 21:02:00,467 ] python_multipart.multipart - DEBUG - Calling on_field_end with no data
[ 2025-07-15 21:02:00,467 ] python_multipart.multipart - DEBUG - Calling on_field_start with no data
[ 2025-07-15 21:02:00,467 ] python_multipart.multipart - DEBUG - Calling on_field_name with data[91:111]
[ 2025-07-15 21:02:00,467 ] python_multipart.multipart - DEBUG - Calling on_field_data with data[112:114]
[ 2025-07-15 21:02:00,467 ] python_multipart.multipart - DEBUG - Calling on_field_end with no data
[ 2025-07-15 21:02:00,467 ] python_multipart.multipart - DEBUG - Calling on_field_start with no data
[ 2025-07-15 21:02:00,467 ] python_multipart.multipart - DEBUG - Calling on_field_name with data[115:122]
[ 2025-07-15 21:02:00,467 ] python_multipart.multipart - DEBUG - Calling on_field_data with data[123:125]
[ 2025-07-15 21:02:00,467 ] python_multipart.multipart - DEBUG - Calling on_field_end with no data
[ 2025-07-15 21:02:00,467 ] python_multipart.multipart - DEBUG - Calling on_field_start with no data
[ 2025-07-15 21:02:00,467 ] python_multipart.multipart - DEBUG - Calling on_field_name with data[126:147]
[ 2025-07-15 21:02:00,467 ] python_multipart.multipart - DEBUG - Calling on_field_data with data[148:149]
[ 2025-07-15 21:02:00,467 ] python_multipart.multipart - DEBUG - Calling on_field_end with no data
[ 2025-07-15 21:02:00,467 ] python_multipart.multipart - DEBUG - Calling on_field_start with no data
[ 2025-07-15 21:02:00,467 ] python_multipart.multipart - DEBUG - Calling on_field_name with data[150:172]
[ 2025-07-15 21:02:00,467 ] python_multipart.multipart - DEBUG - Calling on_field_data with data[173:174]
[ 2025-07-15 21:02:00,467 ] python_multipart.multipart - DEBUG - Calling on_field_end with no data
[ 2025-07-15 21:02:00,467 ] python_multipart.multipart - DEBUG - Calling on_field_start with no data
[ 2025-07-15 21:02:00,468 ] python_multipart.multipart - DEBUG - Calling on_field_name with data[175:193]
[ 2025-07-15 21:02:00,468 ] python_multipart.multipart - DEBUG - Calling on_field_data with data[194:195]
[ 2025-07-15 21:02:00,468 ] python_multipart.multipart - DEBUG - Calling on_field_end with no data
[ 2025-07-15 21:02:00,468 ] python_multipart.multipart - DEBUG - Calling on_end with no data
[ 2025-07-15 21:02:00,468 ] root - INFO - Entered get_usvisa_data_as_dict method as VehicleData class
[ 2025-07-15 21:02:00,468 ] root - INFO - Created vehicle data dict
[ 2025-07-15 21:02:00,468 ] root - INFO - Exited get_vehicle_data_as_dict method as VehicleData class
[ 2025-07-15 21:02:00,471 ] root - INFO - Entered predict method of VehicleDataClassifier class
[ 2025-07-15 21:02:00,472 ] botocore.hooks - DEBUG - Changing event name from creating-client-class.iot-data to creating-client-class.iot-data-plane
[ 2025-07-15 21:02:00,474 ] botocore.hooks - DEBUG - Changing event name from before-call.apigateway to before-call.api-gateway
[ 2025-07-15 21:02:00,475 ] botocore.hooks - DEBUG - Changing event name from request-created.machinelearning.Predict to request-created.machine-learning.Predict
[ 2025-07-15 21:02:00,478 ] botocore.hooks - DEBUG - Changing event name from before-parameter-build.autoscaling.CreateLaunchConfiguration to before-parameter-build.auto-scaling.CreateLaunchConfiguration
[ 2025-07-15 21:02:00,479 ] botocore.hooks - DEBUG - Changing event name from before-parameter-build.route53 to before-parameter-build.route-53
[ 2025-07-15 21:02:00,479 ] botocore.hooks - DEBUG - Changing event name from request-created.cloudsearchdomain.Search to request-created.cloudsearch-domain.Search
[ 2025-07-15 21:02:00,480 ] botocore.hooks - DEBUG - Changing event name from docs.*.autoscaling.CreateLaunchConfiguration.complete-section to docs.*.auto-scaling.CreateLaunchConfiguration.complete-section
[ 2025-07-15 21:02:00,482 ] botocore.hooks - DEBUG - Changing event name from before-parameter-build.logs.CreateExportTask to before-parameter-build.cloudwatch-logs.CreateExportTask
[ 2025-07-15 21:02:00,482 ] botocore.hooks - DEBUG - Changing event name from docs.*.logs.CreateExportTask.complete-section to docs.*.cloudwatch-logs.CreateExportTask.complete-section
[ 2025-07-15 21:02:00,482 ] botocore.hooks - DEBUG - Changing event name from before-parameter-build.cloudsearchdomain.Search to before-parameter-build.cloudsearch-domain.Search
[ 2025-07-15 21:02:00,482 ] botocore.hooks - DEBUG - Changing event name from docs.*.cloudsearchdomain.Search.complete-section to docs.*.cloudsearch-domain.Search.complete-section
[ 2025-07-15 21:02:00,504 ] botocore.loaders - DEBUG - Loading JSON file: /Users/soniakashyap/anaconda3/envs/vehicle/lib/python3.10/site-packages/boto3/data/s3/2006-03-01/resources-1.json
[ 2025-07-15 21:02:00,506 ] botocore.loaders - DEBUG - Loading JSON file: /Users/soniakashyap/anaconda3/envs/vehicle/lib/python3.10/site-packages/botocore/data/endpoints.json
[ 2025-07-15 21:02:00,546 ] botocore.loaders - DEBUG - Loading JSON file: /Users/soniakashyap/anaconda3/envs/vehicle/lib/python3.10/site-packages/botocore/data/sdk-default-configuration.json
[ 2025-07-15 21:02:00,546 ] botocore.hooks - DEBUG - Event choose-service-name: calling handler <function handle_service_name_alias at 0x1071495a0>
[ 2025-07-15 21:02:00,559 ] botocore.loaders - DEBUG - Loading JSON file: /Users/soniakashyap/anaconda3/envs/vehicle/lib/python3.10/site-packages/botocore/data/s3/2006-03-01/service-2.json.gz
[ 2025-07-15 21:02:00,563 ] botocore.loaders - DEBUG - Loading JSON file: /Users/soniakashyap/anaconda3/envs/vehicle/lib/python3.10/site-packages/botocore/data/s3/2006-03-01/service-2.sdk-extras.json
[ 2025-07-15 21:02:00,572 ] botocore.loaders - DEBUG - Loading JSON file: /Users/soniakashyap/anaconda3/envs/vehicle/lib/python3.10/site-packages/botocore/data/s3/2006-03-01/endpoint-rule-set-1.json.gz
[ 2025-07-15 21:02:00,574 ] botocore.loaders - DEBUG - Loading JSON file: /Users/soniakashyap/anaconda3/envs/vehicle/lib/python3.10/site-packages/botocore/data/partitions.json
[ 2025-07-15 21:02:00,574 ] botocore.hooks - DEBUG - Event creating-client-class.s3: calling handler <function add_generate_presigned_post at 0x1070e0700>
[ 2025-07-15 21:02:00,574 ] botocore.hooks - DEBUG - Event creating-client-class.s3: calling handler <function lazy_call.<locals>._handler at 0x11b093010>
[ 2025-07-15 21:02:00,575 ] botocore.hooks - DEBUG - Event creating-client-class.s3: calling handler <function add_generate_presigned_url at 0x1070e04c0>
[ 2025-07-15 21:02:00,575 ] botocore.configprovider - DEBUG - Looking for endpoint for s3 via: environment_service
[ 2025-07-15 21:02:00,575 ] botocore.configprovider - DEBUG - Looking for endpoint for s3 via: environment_global
[ 2025-07-15 21:02:00,575 ] botocore.configprovider - DEBUG - Looking for endpoint for s3 via: config_service
[ 2025-07-15 21:02:00,575 ] botocore.configprovider - DEBUG - Looking for endpoint for s3 via: config_global
[ 2025-07-15 21:02:00,575 ] botocore.configprovider - DEBUG - No configured endpoint found.
[ 2025-07-15 21:02:00,584 ] botocore.endpoint - DEBUG - Setting s3 timeout as (60, 60)
[ 2025-07-15 21:02:00,588 ] botocore.loaders - DEBUG - Loading JSON file: /Users/soniakashyap/anaconda3/envs/vehicle/lib/python3.10/site-packages/botocore/data/_retry.json
[ 2025-07-15 21:02:00,589 ] botocore.client - DEBUG - Registering retry handlers for service: s3
[ 2025-07-15 21:02:00,589 ] botocore.utils - DEBUG - Registering S3 region redirector handler
[ 2025-07-15 21:02:00,589 ] botocore.utils - DEBUG - Registering S3Express Identity Resolver
[ 2025-07-15 21:02:00,589 ] boto3.resources.factory - DEBUG - Loading s3:s3
[ 2025-07-15 21:02:00,589 ] botocore.hooks - DEBUG - Event choose-service-name: calling handler <function handle_service_name_alias at 0x1071495a0>
[ 2025-07-15 21:02:00,590 ] botocore.hooks - DEBUG - Event creating-client-class.s3: calling handler <function add_generate_presigned_post at 0x1070e0700>
[ 2025-07-15 21:02:00,590 ] botocore.hooks - DEBUG - Event creating-client-class.s3: calling handler <function lazy_call.<locals>._handler at 0x11b093010>
[ 2025-07-15 21:02:00,590 ] botocore.hooks - DEBUG - Event creating-client-class.s3: calling handler <function add_generate_presigned_url at 0x1070e04c0>
[ 2025-07-15 21:02:00,590 ] botocore.configprovider - DEBUG - Looking for endpoint for s3 via: environment_service
[ 2025-07-15 21:02:00,590 ] botocore.configprovider - DEBUG - Looking for endpoint for s3 via: environment_global
[ 2025-07-15 21:02:00,590 ] botocore.configprovider - DEBUG - Looking for endpoint for s3 via: config_service
[ 2025-07-15 21:02:00,590 ] botocore.configprovider - DEBUG - Looking for endpoint for s3 via: config_global
[ 2025-07-15 21:02:00,590 ] botocore.configprovider - DEBUG - No configured endpoint found.
[ 2025-07-15 21:02:00,590 ] botocore.endpoint - DEBUG - Setting s3 timeout as (60, 60)
[ 2025-07-15 21:02:00,591 ] botocore.client - DEBUG - Registering retry handlers for service: s3
[ 2025-07-15 21:02:00,591 ] botocore.utils - DEBUG - Registering S3 region redirector handler
[ 2025-07-15 21:02:00,591 ] botocore.utils - DEBUG - Registering S3Express Identity Resolver
[ 2025-07-15 21:02:00,591 ] root - INFO - Entered the get_file_object method of SimpleStorageService class
[ 2025-07-15 21:02:00,591 ] root - INFO - Entered the get_bucket method of SimpleStorageService class
[ 2025-07-15 21:02:00,591 ] boto3.resources.factory - DEBUG - Loading s3:Bucket
[ 2025-07-15 21:02:00,591 ] boto3.resources.model - DEBUG - Renaming Bucket attribute name
[ 2025-07-15 21:02:00,592 ] botocore.hooks - DEBUG - Event creating-resource-class.s3.Bucket: calling handler <function lazy_call.<locals>._handler at 0x11b0930a0>
[ 2025-07-15 21:02:00,592 ] root - INFO - Exited the get_bucket method of SimpleStorageService class
[ 2025-07-15 21:02:00,600 ] botocore.loaders - DEBUG - Loading JSON file: /Users/soniakashyap/anaconda3/envs/vehicle/lib/python3.10/site-packages/botocore/data/s3/2006-03-01/paginators-1.json
[ 2025-07-15 21:02:00,600 ] botocore.loaders - DEBUG - Loading JSON file: /Users/soniakashyap/anaconda3/envs/vehicle/lib/python3.10/site-packages/botocore/data/s3/2006-03-01/paginators-1.sdk-extras.json
[ 2025-07-15 21:02:00,600 ] boto3.resources.collection - DEBUG - Calling paginated s3:list_objects with {'Bucket': 'my-model-mlopsproj-sonia', 'Prefix': 'model.pkl'}
[ 2025-07-15 21:02:00,600 ] botocore.hooks - DEBUG - Event before-parameter-build.s3.ListObjects: calling handler <function set_list_objects_encoding_type_url at 0x1071600d0>
[ 2025-07-15 21:02:00,600 ] botocore.hooks - DEBUG - Event before-parameter-build.s3.ListObjects: calling handler <function validate_bucket_name at 0x10714add0>
[ 2025-07-15 21:02:00,600 ] botocore.hooks - DEBUG - Event before-parameter-build.s3.ListObjects: calling handler <function remove_bucket_from_url_paths_from_model at 0x107160d30>
[ 2025-07-15 21:02:00,600 ] botocore.hooks - DEBUG - Event before-parameter-build.s3.ListObjects: calling handler <bound method S3RegionRedirectorv2.annotate_request_context of <botocore.utils.S3RegionRedirectorv2 object at 0x11d8704f0>>
[ 2025-07-15 21:02:00,600 ] botocore.hooks - DEBUG - Event before-parameter-build.s3.ListObjects: calling handler <bound method ClientCreator._inject_s3_input_parameters of <botocore.client.ClientCreator object at 0x11b0132b0>>
[ 2025-07-15 21:02:00,601 ] botocore.hooks - DEBUG - Event before-parameter-build.s3.ListObjects: calling handler <function generate_idempotent_uuid at 0x10714ac20>
[ 2025-07-15 21:02:00,601 ] botocore.hooks - DEBUG - Event before-parameter-build.s3.ListObjects: calling handler <function _handle_request_validation_mode_member at 0x107161360>
[ 2025-07-15 21:02:00,601 ] botocore.hooks - DEBUG - Event before-endpoint-resolution.s3: calling handler <function customize_endpoint_resolver_builtins at 0x107160ee0>
[ 2025-07-15 21:02:00,601 ] botocore.hooks - DEBUG - Event before-endpoint-resolution.s3: calling handler <bound method S3RegionRedirectorv2.redirect_from_cache of <botocore.utils.S3RegionRedirectorv2 object at 0x11d8704f0>>
[ 2025-07-15 21:02:00,601 ] botocore.regions - DEBUG - Calling endpoint provider with parameters: {'Bucket': 'my-model-mlopsproj-sonia', 'Region': 'us-east-2', 'UseFIPS': False, 'UseDualStack': False, 'ForcePathStyle': False, 'Accelerate': False, 'UseGlobalEndpoint': False, 'Prefix': 'model.pkl', 'DisableMultiRegionAccessPoints': False, 'UseArnRegion': True}
[ 2025-07-15 21:02:00,601 ] botocore.regions - DEBUG - Endpoint provider result: https://my-model-mlopsproj-sonia.s3.us-east-2.amazonaws.com
[ 2025-07-15 21:02:00,601 ] botocore.regions - DEBUG - Selecting from endpoint provider's list of auth schemes: "sigv4". User selected auth scheme is: "None"
[ 2025-07-15 21:02:00,601 ] botocore.regions - DEBUG - Selected auth type "v4" as "v4" with signing context params: {'region': 'us-east-2', 'signing_name': 's3', 'disableDoubleEncoding': True}
[ 2025-07-15 21:02:00,601 ] botocore.hooks - DEBUG - Event before-call.s3.ListObjects: calling handler <function add_expect_header at 0x10714b130>
[ 2025-07-15 21:02:00,601 ] botocore.hooks - DEBUG - Event before-call.s3.ListObjects: calling handler <bound method S3ExpressIdentityResolver.apply_signing_cache_key of <botocore.utils.S3ExpressIdentityResolver object at 0x11d870550>>
[ 2025-07-15 21:02:00,601 ] botocore.hooks - DEBUG - Event before-call.s3.ListObjects: calling handler <function add_recursion_detection_header at 0x10714a830>
[ 2025-07-15 21:02:00,601 ] botocore.hooks - DEBUG - Event before-call.s3.ListObjects: calling handler <function inject_api_version_header_if_needed at 0x1071604c0>
[ 2025-07-15 21:02:00,601 ] botocore.endpoint - DEBUG - Making request for OperationModel(name=ListObjects) with params: {'url_path': '', 'query_string': {'prefix': 'model.pkl', 'encoding-type': 'url'}, 'method': 'GET', 'headers': {'User-Agent': 'Boto3/1.39.3 md/Botocore#1.39.3 ua/2.1 os/macos#24.5.0 md/arch#arm64 lang/python#3.10.18 md/pyimpl#CPython m/b,Z,C,D cfg/retry-mode#legacy Botocore/1.39.3 Resource'}, 'body': b'', 'auth_path': '/my-model-mlopsproj-sonia/', 'url': 'https://my-model-mlopsproj-sonia.s3.us-east-2.amazonaws.com/?prefix=model.pkl&encoding-type=url', 'context': {'client_region': 'us-east-2', 'client_config': <botocore.config.Config object at 0x11d80b040>, 'has_streaming_input': False, 'auth_type': 'v4', 'unsigned_payload': None, 'auth_options': ['aws.auth#sigv4'], 'encoding_type_auto_set': True, 's3_redirect': {'redirected': False, 'bucket': 'my-model-mlopsproj-sonia', 'params': {'Bucket': 'my-model-mlopsproj-sonia', 'Prefix': 'model.pkl', 'EncodingType': 'url'}}, 'input_params': {'Bucket': 'my-model-mlopsproj-sonia', 'Prefix': 'model.pkl'}, 'signing': {'region': 'us-east-2', 'signing_name': 's3', 'disableDoubleEncoding': True}, 'endpoint_properties': {'authSchemes': [{'disableDoubleEncoding': True, 'name': 'sigv4', 'signingName': 's3', 'signingRegion': 'us-east-2'}]}}}
[ 2025-07-15 21:02:00,601 ] botocore.hooks - DEBUG - Event request-created.s3.ListObjects: calling handler <bound method RequestSigner.handler of <botocore.signers.RequestSigner object at 0x11d80ac80>>
[ 2025-07-15 21:02:00,601 ] botocore.hooks - DEBUG - Event choose-signer.s3.ListObjects: calling handler <function set_operation_specific_signer at 0x10714aa70>
[ 2025-07-15 21:02:00,601 ] botocore.hooks - DEBUG - Event before-sign.s3.ListObjects: calling handler <function remove_arn_from_signing_path at 0x107160e50>
[ 2025-07-15 21:02:00,602 ] botocore.hooks - DEBUG - Event before-sign.s3.ListObjects: calling handler <function _set_extra_headers_for_unsigned_request at 0x1071613f0>
[ 2025-07-15 21:02:00,602 ] botocore.hooks - DEBUG - Event before-sign.s3.ListObjects: calling handler <bound method S3ExpressIdentityResolver.resolve_s3express_identity of <botocore.utils.S3ExpressIdentityResolver object at 0x11d870550>>
[ 2025-07-15 21:02:00,602 ] botocore.auth - DEBUG - Calculating signature using v4 auth.
[ 2025-07-15 21:02:00,602 ] botocore.auth - DEBUG - CanonicalRequest:
GET
/
encoding-type=url&prefix=model.pkl
host:my-model-mlopsproj-sonia.s3.us-east-2.amazonaws.com
x-amz-content-sha256:e3b0c44298fc1c149afbf4c8996fb92427ae41e4649b934ca495991b7852b855
x-amz-date:20250716T040200Z

host;x-amz-content-sha256;x-amz-date
e3b0c44298fc1c149afbf4c8996fb92427ae41e4649b934ca495991b7852b855
[ 2025-07-15 21:02:00,602 ] botocore.auth - DEBUG - StringToSign:
AWS4-HMAC-SHA256
20250716T040200Z
20250716/us-east-2/s3/aws4_request
6911a7914af54d1eb6ee1406f05bdc9ba2ec428953069ab0983080a41af30b32
[ 2025-07-15 21:02:00,602 ] botocore.auth - DEBUG - Signature:
3ef864ec09fd888a8f3771cdad27d57e0bcd555764ee8e96690944ccabe64348
[ 2025-07-15 21:02:00,602 ] botocore.hooks - DEBUG - Event request-created.s3.ListObjects: calling handler <bound method UserAgentString.rebuild_and_replace_user_agent_handler of <botocore.useragent.UserAgentString object at 0x11d857eb0>>
[ 2025-07-15 21:02:00,602 ] botocore.hooks - DEBUG - Event request-created.s3.ListObjects: calling handler <function add_retry_headers at 0x107160ca0>
[ 2025-07-15 21:02:00,602 ] botocore.endpoint - DEBUG - Sending http request: <AWSPreparedRequest stream_output=False, method=GET, url=https://my-model-mlopsproj-sonia.s3.us-east-2.amazonaws.com/?prefix=model.pkl&encoding-type=url, headers={'User-Agent': b'Boto3/1.39.3 md/Botocore#1.39.3 ua/2.1 os/macos#24.5.0 md/arch#arm64 lang/python#3.10.18 md/pyimpl#CPython m/b,Z,C,D cfg/retry-mode#legacy Botocore/1.39.3 Resource', 'X-Amz-Date': b'20250716T040200Z', 'X-Amz-Content-SHA256': b'e3b0c44298fc1c149afbf4c8996fb92427ae41e4649b934ca495991b7852b855', 'Authorization': b'AWS4-HMAC-SHA256 Credential=AKIA5J375423WHAZI7OY/20250716/us-east-2/s3/aws4_request, SignedHeaders=host;x-amz-content-sha256;x-amz-date, Signature=3ef864ec09fd888a8f3771cdad27d57e0bcd555764ee8e96690944ccabe64348', 'amz-sdk-invocation-id': b'989d7031-caba-4cef-8912-676a1d204da4', 'amz-sdk-request': b'attempt=1'}>
[ 2025-07-15 21:02:00,602 ] botocore.httpsession - DEBUG - Certificate path: /Users/soniakashyap/anaconda3/envs/vehicle/lib/python3.10/site-packages/certifi/cacert.pem
[ 2025-07-15 21:02:00,602 ] urllib3.connectionpool - DEBUG - Starting new HTTPS connection (1): my-model-mlopsproj-sonia.s3.us-east-2.amazonaws.com:443
[ 2025-07-15 21:02:00,867 ] urllib3.connectionpool - DEBUG - https://my-model-mlopsproj-sonia.s3.us-east-2.amazonaws.com:443 "GET /?prefix=model.pkl&encoding-type=url HTTP/1.1" 200 None
[ 2025-07-15 21:02:00,868 ] botocore.hooks - DEBUG - Event before-parse.s3.ListObjects: calling handler <function _handle_200_error at 0x1071611b0>
[ 2025-07-15 21:02:00,870 ] botocore.hooks - DEBUG - Event before-parse.s3.ListObjects: calling handler <function handle_expires_header at 0x107161000>
[ 2025-07-15 21:02:00,870 ] botocore.parsers - DEBUG - Response headers: {'x-amz-id-2': 'TdsB9fVotBQtMolsbnxMyg6VVyEp/rn0UsrcdhG70uQLj3P0POf7LMyUVAvyUM71C3EZm24cH1c=', 'x-amz-request-id': 'BJPHSVA1D5CSDJGW', 'Date': 'Wed, 16 Jul 2025 04:02:01 GMT', 'x-amz-bucket-region': 'us-east-2', 'Content-Type': 'application/xml', 'Transfer-Encoding': 'chunked', 'Server': 'AmazonS3'}
[ 2025-07-15 21:02:00,871 ] botocore.parsers - DEBUG - Response body:
b'<?xml version="1.0" encoding="UTF-8"?>\n<ListBucketResult xmlns="http://s3.amazonaws.com/doc/2006-03-01/"><Name>my-model-mlopsproj-sonia</Name><Prefix>model.pkl</Prefix><Marker></Marker><MaxKeys>1000</MaxKeys><EncodingType>url</EncodingType><IsTruncated>false</IsTruncated><Contents><Key>model.pkl</Key><LastModified>2025-07-15T06:12:52.000Z</LastModified><ETag>&quot;d2fc70918667adde3e970c519b9c7164-2&quot;</ETag><ChecksumAlgorithm>CRC32</ChecksumAlgorithm><ChecksumType>COMPOSITE</ChecksumType><Size>9079574</Size><Owner><ID>700d8cd4cbc3e540d879ce86ae58ab923374bc4365ae51cb5bef557d6988d9b0</ID></Owner><StorageClass>STANDARD</StorageClass></Contents></ListBucketResult>'
[ 2025-07-15 21:02:00,873 ] botocore.hooks - DEBUG - Event needs-retry.s3.ListObjects: calling handler <function _update_status_code at 0x1071612d0>
[ 2025-07-15 21:02:00,874 ] botocore.hooks - DEBUG - Event needs-retry.s3.ListObjects: calling handler <botocore.retryhandler.RetryHandler object at 0x11d870430>
[ 2025-07-15 21:02:00,874 ] botocore.retryhandler - DEBUG - No retry needed.
[ 2025-07-15 21:02:00,874 ] botocore.hooks - DEBUG - Event needs-retry.s3.ListObjects: calling handler <bound method S3RegionRedirectorv2.redirect_from_error of <botocore.utils.S3RegionRedirectorv2 object at 0x11d8704f0>>
[ 2025-07-15 21:02:00,874 ] botocore.hooks - DEBUG - Event after-call.s3.ListObjects: calling handler <function decode_list_object at 0x107160160>
[ 2025-07-15 21:02:00,875 ] boto3.resources.factory - DEBUG - Loading s3:ObjectSummary
[ 2025-07-15 21:02:00,875 ] boto3.resources.model - DEBUG - Renaming ObjectSummary attribute key
[ 2025-07-15 21:02:00,876 ] botocore.hooks - DEBUG - Event creating-resource-class.s3.ObjectSummary: calling handler <function lazy_call.<locals>._handler at 0x11b0931c0>
[ 2025-07-15 21:02:00,876 ] root - INFO - Exited the get_file_object method of SimpleStorageService class
[ 2025-07-15 21:02:00,876 ] boto3.resources.action - DEBUG - Calling s3:get_object with {'Bucket': 'my-model-mlopsproj-sonia', 'Key': 'model.pkl'}
[ 2025-07-15 21:02:00,877 ] botocore.hooks - DEBUG - Event before-parameter-build.s3.GetObject: calling handler <function sse_md5 at 0x10714ae60>
[ 2025-07-15 21:02:00,877 ] botocore.hooks - DEBUG - Event before-parameter-build.s3.GetObject: calling handler <function validate_bucket_name at 0x10714add0>
[ 2025-07-15 21:02:00,877 ] botocore.hooks - DEBUG - Event before-parameter-build.s3.GetObject: calling handler <function remove_bucket_from_url_paths_from_model at 0x107160d30>
[ 2025-07-15 21:02:00,877 ] botocore.hooks - DEBUG - Event before-parameter-build.s3.GetObject: calling handler <bound method S3RegionRedirectorv2.annotate_request_context of <botocore.utils.S3RegionRedirectorv2 object at 0x11d8704f0>>
[ 2025-07-15 21:02:00,877 ] botocore.hooks - DEBUG - Event before-parameter-build.s3.GetObject: calling handler <bound method ClientCreator._inject_s3_input_parameters of <botocore.client.ClientCreator object at 0x11b0132b0>>
[ 2025-07-15 21:02:00,878 ] botocore.hooks - DEBUG - Event before-parameter-build.s3.GetObject: calling handler <function generate_idempotent_uuid at 0x10714ac20>
[ 2025-07-15 21:02:00,878 ] botocore.hooks - DEBUG - Event before-parameter-build.s3.GetObject: calling handler <function _handle_request_validation_mode_member at 0x107161360>
[ 2025-07-15 21:02:00,878 ] botocore.hooks - DEBUG - Event before-endpoint-resolution.s3: calling handler <function customize_endpoint_resolver_builtins at 0x107160ee0>
[ 2025-07-15 21:02:00,878 ] botocore.hooks - DEBUG - Event before-endpoint-resolution.s3: calling handler <bound method S3RegionRedirectorv2.redirect_from_cache of <botocore.utils.S3RegionRedirectorv2 object at 0x11d8704f0>>
[ 2025-07-15 21:02:00,879 ] botocore.regions - DEBUG - Calling endpoint provider with parameters: {'Bucket': 'my-model-mlopsproj-sonia', 'Region': 'us-east-2', 'UseFIPS': False, 'UseDualStack': False, 'ForcePathStyle': False, 'Accelerate': False, 'UseGlobalEndpoint': False, 'Key': 'model.pkl', 'DisableMultiRegionAccessPoints': False, 'UseArnRegion': True}
[ 2025-07-15 21:02:00,879 ] botocore.regions - DEBUG - Endpoint provider result: https://my-model-mlopsproj-sonia.s3.us-east-2.amazonaws.com
[ 2025-07-15 21:02:00,880 ] botocore.regions - DEBUG - Selecting from endpoint provider's list of auth schemes: "sigv4". User selected auth scheme is: "None"
[ 2025-07-15 21:02:00,880 ] botocore.regions - DEBUG - Selected auth type "v4" as "v4" with signing context params: {'region': 'us-east-2', 'signing_name': 's3', 'disableDoubleEncoding': True}
[ 2025-07-15 21:02:00,881 ] botocore.hooks - DEBUG - Event before-call.s3.GetObject: calling handler <function add_expect_header at 0x10714b130>
[ 2025-07-15 21:02:00,881 ] botocore.hooks - DEBUG - Event before-call.s3.GetObject: calling handler <bound method S3ExpressIdentityResolver.apply_signing_cache_key of <botocore.utils.S3ExpressIdentityResolver object at 0x11d870550>>
[ 2025-07-15 21:02:00,881 ] botocore.hooks - DEBUG - Event before-call.s3.GetObject: calling handler <function add_recursion_detection_header at 0x10714a830>
[ 2025-07-15 21:02:00,882 ] botocore.hooks - DEBUG - Event before-call.s3.GetObject: calling handler <function inject_api_version_header_if_needed at 0x1071604c0>
[ 2025-07-15 21:02:00,882 ] botocore.endpoint - DEBUG - Making request for OperationModel(name=GetObject) with params: {'url_path': '/model.pkl', 'query_string': {}, 'method': 'GET', 'headers': {'x-amz-checksum-mode': 'ENABLED', 'User-Agent': 'Boto3/1.39.3 md/Botocore#1.39.3 ua/2.1 os/macos#24.5.0 md/arch#arm64 lang/python#3.10.18 md/pyimpl#CPython m/b,Z,D cfg/retry-mode#legacy Botocore/1.39.3 Resource'}, 'body': b'', 'auth_path': '/my-model-mlopsproj-sonia/model.pkl', 'url': 'https://my-model-mlopsproj-sonia.s3.us-east-2.amazonaws.com/model.pkl', 'context': {'client_region': 'us-east-2', 'client_config': <botocore.config.Config object at 0x11d80b040>, 'has_streaming_input': False, 'auth_type': 'v4', 'unsigned_payload': None, 'auth_options': ['aws.auth#sigv4'], 's3_redirect': {'redirected': False, 'bucket': 'my-model-mlopsproj-sonia', 'params': {'Bucket': 'my-model-mlopsproj-sonia', 'Key': 'model.pkl', 'ChecksumMode': 'ENABLED'}}, 'input_params': {'Bucket': 'my-model-mlopsproj-sonia', 'Key': 'model.pkl'}, 'signing': {'region': 'us-east-2', 'signing_name': 's3', 'disableDoubleEncoding': True}, 'endpoint_properties': {'authSchemes': [{'disableDoubleEncoding': True, 'name': 'sigv4', 'signingName': 's3', 'signingRegion': 'us-east-2'}]}, 'checksum': {'response_algorithms': ['crc32', 'sha1', 'sha256']}}}
[ 2025-07-15 21:02:00,883 ] botocore.hooks - DEBUG - Event request-created.s3.GetObject: calling handler <bound method RequestSigner.handler of <botocore.signers.RequestSigner object at 0x11d80ac80>>
[ 2025-07-15 21:02:00,883 ] botocore.hooks - DEBUG - Event choose-signer.s3.GetObject: calling handler <function set_operation_specific_signer at 0x10714aa70>
[ 2025-07-15 21:02:00,883 ] botocore.hooks - DEBUG - Event before-sign.s3.GetObject: calling handler <function remove_arn_from_signing_path at 0x107160e50>
[ 2025-07-15 21:02:00,883 ] botocore.hooks - DEBUG - Event before-sign.s3.GetObject: calling handler <function _set_extra_headers_for_unsigned_request at 0x1071613f0>
[ 2025-07-15 21:02:00,883 ] botocore.hooks - DEBUG - Event before-sign.s3.GetObject: calling handler <bound method S3ExpressIdentityResolver.resolve_s3express_identity of <botocore.utils.S3ExpressIdentityResolver object at 0x11d870550>>
[ 2025-07-15 21:02:00,884 ] botocore.auth - DEBUG - Calculating signature using v4 auth.
[ 2025-07-15 21:02:00,884 ] botocore.auth - DEBUG - CanonicalRequest:
GET
/model.pkl

host:my-model-mlopsproj-sonia.s3.us-east-2.amazonaws.com
x-amz-checksum-mode:ENABLED
x-amz-content-sha256:e3b0c44298fc1c149afbf4c8996fb92427ae41e4649b934ca495991b7852b855
x-amz-date:20250716T040200Z

host;x-amz-checksum-mode;x-amz-content-sha256;x-amz-date
e3b0c44298fc1c149afbf4c8996fb92427ae41e4649b934ca495991b7852b855
[ 2025-07-15 21:02:00,884 ] botocore.auth - DEBUG - StringToSign:
AWS4-HMAC-SHA256
20250716T040200Z
20250716/us-east-2/s3/aws4_request
13f0d749accc72886d64eb8ba9a7ce5366437984fd6eedacdced378c49ce88a8
[ 2025-07-15 21:02:00,884 ] botocore.auth - DEBUG - Signature:
b32ab111addd3f4493f71ece9aff2db1acaf39ebe2ae648ac2321823f4ddf08e
[ 2025-07-15 21:02:00,884 ] botocore.hooks - DEBUG - Event request-created.s3.GetObject: calling handler <bound method UserAgentString.rebuild_and_replace_user_agent_handler of <botocore.useragent.UserAgentString object at 0x11d857eb0>>
[ 2025-07-15 21:02:00,885 ] botocore.hooks - DEBUG - Event request-created.s3.GetObject: calling handler <function add_retry_headers at 0x107160ca0>
[ 2025-07-15 21:02:00,885 ] botocore.endpoint - DEBUG - Sending http request: <AWSPreparedRequest stream_output=True, method=GET, url=https://my-model-mlopsproj-sonia.s3.us-east-2.amazonaws.com/model.pkl, headers={'x-amz-checksum-mode': b'ENABLED', 'User-Agent': b'Boto3/1.39.3 md/Botocore#1.39.3 ua/2.1 os/macos#24.5.0 md/arch#arm64 lang/python#3.10.18 md/pyimpl#CPython m/b,Z,D cfg/retry-mode#legacy Botocore/1.39.3 Resource', 'X-Amz-Date': b'20250716T040200Z', 'X-Amz-Content-SHA256': b'e3b0c44298fc1c149afbf4c8996fb92427ae41e4649b934ca495991b7852b855', 'Authorization': b'AWS4-HMAC-SHA256 Credential=AKIA5J375423WHAZI7OY/20250716/us-east-2/s3/aws4_request, SignedHeaders=host;x-amz-checksum-mode;x-amz-content-sha256;x-amz-date, Signature=b32ab111addd3f4493f71ece9aff2db1acaf39ebe2ae648ac2321823f4ddf08e', 'amz-sdk-invocation-id': b'e1d3d95f-a597-4d71-be0e-e053e7095de7', 'amz-sdk-request': b'attempt=1'}>
[ 2025-07-15 21:02:00,885 ] botocore.httpsession - DEBUG - Certificate path: /Users/soniakashyap/anaconda3/envs/vehicle/lib/python3.10/site-packages/certifi/cacert.pem
[ 2025-07-15 21:02:01,091 ] urllib3.connectionpool - DEBUG - https://my-model-mlopsproj-sonia.s3.us-east-2.amazonaws.com:443 "GET /model.pkl HTTP/1.1" 200 9079574
[ 2025-07-15 21:02:01,092 ] botocore.httpchecksum - DEBUG - Skipping checksum validation. Response did not contain one of the following algorithms: ['crc32', 'sha1', 'sha256'].
[ 2025-07-15 21:02:01,092 ] botocore.hooks - DEBUG - Event before-parse.s3.GetObject: calling handler <function _handle_200_error at 0x1071611b0>
[ 2025-07-15 21:02:01,092 ] botocore.hooks - DEBUG - Event before-parse.s3.GetObject: calling handler <function handle_expires_header at 0x107161000>
[ 2025-07-15 21:02:01,093 ] botocore.parsers - DEBUG - Response headers: {'x-amz-id-2': 'L+WkmpIxih3/kr24OiYWCoWTII9BfT2BK//nzdPadD2e4XlfTuDySxzhhpqOWtr5bSBfoxHE7es=', 'x-amz-request-id': 'BJPY0SHZE26SYT3K', 'Date': 'Wed, 16 Jul 2025 04:02:01 GMT', 'Last-Modified': 'Tue, 15 Jul 2025 06:12:52 GMT', 'ETag': '"d2fc70918667adde3e970c519b9c7164-2"', 'x-amz-checksum-crc32': 'vj+Rdg==-2', 'x-amz-checksum-type': 'COMPOSITE', 'x-amz-server-side-encryption': 'AES256', 'Accept-Ranges': 'bytes', 'Content-Type': 'binary/octet-stream', 'Content-Length': '9079574', 'Server': 'AmazonS3'}
[ 2025-07-15 21:02:01,093 ] botocore.parsers - DEBUG - Response body:
<botocore.response.StreamingBody object at 0x11da52350>
[ 2025-07-15 21:02:01,094 ] botocore.hooks - DEBUG - Event needs-retry.s3.GetObject: calling handler <function _update_status_code at 0x1071612d0>
[ 2025-07-15 21:02:01,094 ] botocore.hooks - DEBUG - Event needs-retry.s3.GetObject: calling handler <botocore.retryhandler.RetryHandler object at 0x11d870430>
[ 2025-07-15 21:02:01,095 ] botocore.retryhandler - DEBUG - No retry needed.
[ 2025-07-15 21:02:01,095 ] botocore.hooks - DEBUG - Event needs-retry.s3.GetObject: calling handler <bound method S3RegionRedirectorv2.redirect_from_error of <botocore.utils.S3RegionRedirectorv2 object at 0x11d8704f0>>
[ 2025-07-15 21:02:01,095 ] boto3.resources.action - DEBUG - Response: {'ResponseMetadata': {'RequestId': 'BJPY0SHZE26SYT3K', 'HostId': 'L+WkmpIxih3/kr24OiYWCoWTII9BfT2BK//nzdPadD2e4XlfTuDySxzhhpqOWtr5bSBfoxHE7es=', 'HTTPStatusCode': 200, 'HTTPHeaders': {'x-amz-id-2': 'L+WkmpIxih3/kr24OiYWCoWTII9BfT2BK//nzdPadD2e4XlfTuDySxzhhpqOWtr5bSBfoxHE7es=', 'x-amz-request-id': 'BJPY0SHZE26SYT3K', 'date': 'Wed, 16 Jul 2025 04:02:01 GMT', 'last-modified': 'Tue, 15 Jul 2025 06:12:52 GMT', 'etag': '"d2fc70918667adde3e970c519b9c7164-2"', 'x-amz-checksum-crc32': 'vj+Rdg==-2', 'x-amz-checksum-type': 'COMPOSITE', 'x-amz-server-side-encryption': 'AES256', 'accept-ranges': 'bytes', 'content-type': 'binary/octet-stream', 'content-length': '9079574', 'server': 'AmazonS3'}, 'RetryAttempts': 0}, 'AcceptRanges': 'bytes', 'LastModified': datetime.datetime(2025, 7, 15, 6, 12, 52, tzinfo=tzutc()), 'ContentLength': 9079574, 'ETag': '"d2fc70918667adde3e970c519b9c7164-2"', 'ChecksumCRC32': 'vj+Rdg==-2', 'ChecksumType': 'COMPOSITE', 'ContentType': 'binary/octet-stream', 'ServerSideEncryption': 'AES256', 'Metadata': {}, 'Body': <botocore.response.StreamingBody object at 0x11da52350>}
[ 2025-07-15 21:02:01,789 ] root - INFO - Production model loaded from S3 bucket.
[ 2025-07-15 21:02:01,790 ] root - INFO - Starting prediction process.
[ 2025-07-15 21:02:01,798 ] root - INFO - Using the trained model to get predictions
